[0.467s] Invoking command in '/workspace/user/kjy/ROS/ros2_study/src/my_first_package': PYTHONPATH=/workspace/user/kjy/ROS/ros2_study/build/my_first_package/prefix_override:/usr/lib/python3/dist-packages/colcon_core/task/python/colcon_distutils_commands:/workspace/user/kjy/ROS/ros2_study/install/my_first_package/lib/python3.10/site-packages:${PYTHONPATH} /usr/bin/python3 -W ignore:setup.py install is deprecated setup.py egg_info --egg-base ../../build/my_first_package build --build-base /workspace/user/kjy/ROS/ros2_study/build/my_first_package/build install --record /workspace/user/kjy/ROS/ros2_study/build/my_first_package/install.log --single-version-externally-managed install_data
[0.653s] running egg_info
[0.653s] writing ../../build/my_first_package/my_first_package.egg-info/PKG-INFO
[0.653s] writing dependency_links to ../../build/my_first_package/my_first_package.egg-info/dependency_links.txt
[0.653s] writing entry points to ../../build/my_first_package/my_first_package.egg-info/entry_points.txt
[0.653s] writing requirements to ../../build/my_first_package/my_first_package.egg-info/requires.txt
[0.653s] writing top-level names to ../../build/my_first_package/my_first_package.egg-info/top_level.txt
[0.655s] reading manifest file '../../build/my_first_package/my_first_package.egg-info/SOURCES.txt'
[0.655s] writing manifest file '../../build/my_first_package/my_first_package.egg-info/SOURCES.txt'
[0.655s] running build
[0.655s] running build_py
[0.655s] running install
[0.656s] running install_lib
[0.657s] running install_data
[0.657s] running install_egg_info
[0.658s] removing '/workspace/user/kjy/ROS/ros2_study/install/my_first_package/lib/python3.10/site-packages/my_first_package-0.0.0-py3.10.egg-info' (and everything under it)
[0.658s] Copying ../../build/my_first_package/my_first_package.egg-info to /workspace/user/kjy/ROS/ros2_study/install/my_first_package/lib/python3.10/site-packages/my_first_package-0.0.0-py3.10.egg-info
[0.659s] running install_scripts
[0.673s] Installing my_first_node script to /workspace/user/kjy/ROS/ros2_study/install/my_first_package/lib/my_first_package
[0.673s] Installing my_subscriber script to /workspace/user/kjy/ROS/ros2_study/install/my_first_package/lib/my_first_package
[0.674s] writing list of installed files to '/workspace/user/kjy/ROS/ros2_study/build/my_first_package/install.log'
[0.687s] Invoked command in '/workspace/user/kjy/ROS/ros2_study/src/my_first_package' returned '0': PYTHONPATH=/workspace/user/kjy/ROS/ros2_study/build/my_first_package/prefix_override:/usr/lib/python3/dist-packages/colcon_core/task/python/colcon_distutils_commands:/workspace/user/kjy/ROS/ros2_study/install/my_first_package/lib/python3.10/site-packages:${PYTHONPATH} /usr/bin/python3 -W ignore:setup.py install is deprecated setup.py egg_info --egg-base ../../build/my_first_package build --build-base /workspace/user/kjy/ROS/ros2_study/build/my_first_package/build install --record /workspace/user/kjy/ROS/ros2_study/build/my_first_package/install.log --single-version-externally-managed install_data
