[0.472s] Invoking command in '/workspace/user/kjy/ROS/ros2_study/src/my_first_package': PYTHONPATH=/workspace/user/kjy/ROS/ros2_study/build/my_first_package/prefix_override:/usr/lib/python3/dist-packages/colcon_core/task/python/colcon_distutils_commands:/workspace/user/kjy/ROS/ros2_study/install/my_first_package/lib/python3.10/site-packages:${PYTHONPATH} /usr/bin/python3 -W ignore:setup.py install is deprecated setup.py egg_info --egg-base ../../build/my_first_package build --build-base /workspace/user/kjy/ROS/ros2_study/build/my_first_package/build install --record /workspace/user/kjy/ROS/ros2_study/build/my_first_package/install.log --single-version-externally-managed install_data
[0.661s] running egg_info
[0.661s] creating ../../build/my_first_package/my_first_package.egg-info
[0.661s] writing ../../build/my_first_package/my_first_package.egg-info/PKG-INFO
[0.662s] writing dependency_links to ../../build/my_first_package/my_first_package.egg-info/dependency_links.txt
[0.662s] writing entry points to ../../build/my_first_package/my_first_package.egg-info/entry_points.txt
[0.662s] writing requirements to ../../build/my_first_package/my_first_package.egg-info/requires.txt
[0.662s] writing top-level names to ../../build/my_first_package/my_first_package.egg-info/top_level.txt
[0.662s] writing manifest file '../../build/my_first_package/my_first_package.egg-info/SOURCES.txt'
[0.663s] reading manifest file '../../build/my_first_package/my_first_package.egg-info/SOURCES.txt'
[0.663s] writing manifest file '../../build/my_first_package/my_first_package.egg-info/SOURCES.txt'
[0.664s] running build
[0.664s] running build_py
[0.664s] creating /workspace/user/kjy/ROS/ros2_study/build/my_first_package/build
[0.664s] creating /workspace/user/kjy/ROS/ros2_study/build/my_first_package/build/lib
[0.664s] creating /workspace/user/kjy/ROS/ros2_study/build/my_first_package/build/lib/my_first_package
[0.664s] copying my_first_package/__init__.py -> /workspace/user/kjy/ROS/ros2_study/build/my_first_package/build/lib/my_first_package
[0.664s] copying my_first_package/my_first_node.py -> /workspace/user/kjy/ROS/ros2_study/build/my_first_package/build/lib/my_first_package
[0.664s] copying my_first_package/my_subscriber.py -> /workspace/user/kjy/ROS/ros2_study/build/my_first_package/build/lib/my_first_package
[0.664s] running install
[0.664s] running install_lib
[0.665s] creating /workspace/user/kjy/ROS/ros2_study/install/my_first_package/lib/python3.10/site-packages/my_first_package
[0.665s] copying /workspace/user/kjy/ROS/ros2_study/build/my_first_package/build/lib/my_first_package/__init__.py -> /workspace/user/kjy/ROS/ros2_study/install/my_first_package/lib/python3.10/site-packages/my_first_package
[0.665s] copying /workspace/user/kjy/ROS/ros2_study/build/my_first_package/build/lib/my_first_package/my_first_node.py -> /workspace/user/kjy/ROS/ros2_study/install/my_first_package/lib/python3.10/site-packages/my_first_package
[0.665s] copying /workspace/user/kjy/ROS/ros2_study/build/my_first_package/build/lib/my_first_package/my_subscriber.py -> /workspace/user/kjy/ROS/ros2_study/install/my_first_package/lib/python3.10/site-packages/my_first_package
[0.665s] byte-compiling /workspace/user/kjy/ROS/ros2_study/install/my_first_package/lib/python3.10/site-packages/my_first_package/__init__.py to __init__.cpython-310.pyc
[0.666s] byte-compiling /workspace/user/kjy/ROS/ros2_study/install/my_first_package/lib/python3.10/site-packages/my_first_package/my_first_node.py to my_first_node.cpython-310.pyc
[0.666s] byte-compiling /workspace/user/kjy/ROS/ros2_study/install/my_first_package/lib/python3.10/site-packages/my_first_package/my_subscriber.py to my_subscriber.cpython-310.pyc
[0.666s] running install_data
[0.666s] creating /workspace/user/kjy/ROS/ros2_study/install/my_first_package/share/ament_index
[0.666s] creating /workspace/user/kjy/ROS/ros2_study/install/my_first_package/share/ament_index/resource_index
[0.666s] creating /workspace/user/kjy/ROS/ros2_study/install/my_first_package/share/ament_index/resource_index/packages
[0.666s] copying resource/my_first_package -> /workspace/user/kjy/ROS/ros2_study/install/my_first_package/share/ament_index/resource_index/packages
[0.666s] copying package.xml -> /workspace/user/kjy/ROS/ros2_study/install/my_first_package/share/my_first_package
[0.666s] running install_egg_info
[0.668s] Copying ../../build/my_first_package/my_first_package.egg-info to /workspace/user/kjy/ROS/ros2_study/install/my_first_package/lib/python3.10/site-packages/my_first_package-0.0.0-py3.10.egg-info
[0.668s] running install_scripts
[0.683s] Installing my_first_node script to /workspace/user/kjy/ROS/ros2_study/install/my_first_package/lib/my_first_package
[0.683s] Installing my_subscriber script to /workspace/user/kjy/ROS/ros2_study/install/my_first_package/lib/my_first_package
[0.683s] writing list of installed files to '/workspace/user/kjy/ROS/ros2_study/build/my_first_package/install.log'
[0.697s] Invoked command in '/workspace/user/kjy/ROS/ros2_study/src/my_first_package' returned '0': PYTHONPATH=/workspace/user/kjy/ROS/ros2_study/build/my_first_package/prefix_override:/usr/lib/python3/dist-packages/colcon_core/task/python/colcon_distutils_commands:/workspace/user/kjy/ROS/ros2_study/install/my_first_package/lib/python3.10/site-packages:${PYTHONPATH} /usr/bin/python3 -W ignore:setup.py install is deprecated setup.py egg_info --egg-base ../../build/my_first_package build --build-base /workspace/user/kjy/ROS/ros2_study/build/my_first_package/build install --record /workspace/user/kjy/ROS/ros2_study/build/my_first_package/install.log --single-version-externally-managed install_data
