[0.467s] Invoking command in '/workspace/user/kjy/ROS/ros2_study/src/my_first_package': PYTHONPATH=/workspace/user/kjy/ROS/ros2_study/src/build/my_first_package/prefix_override:/usr/lib/python3/dist-packages/colcon_core/task/python/colcon_distutils_commands:/workspace/user/kjy/ROS/ros2_study/src/install/my_first_package/lib/python3.10/site-packages:${PYTHONPATH} /usr/bin/python3 -W ignore:setup.py install is deprecated setup.py egg_info --egg-base ../build/my_first_package build --build-base /workspace/user/kjy/ROS/ros2_study/src/build/my_first_package/build install --record /workspace/user/kjy/ROS/ros2_study/src/build/my_first_package/install.log --single-version-externally-managed install_data
[0.655s] running egg_info
[0.655s] creating ../build/my_first_package/my_first_package.egg-info
[0.655s] writing ../build/my_first_package/my_first_package.egg-info/PKG-INFO
[0.656s] writing dependency_links to ../build/my_first_package/my_first_package.egg-info/dependency_links.txt
[0.656s] writing entry points to ../build/my_first_package/my_first_package.egg-info/entry_points.txt
[0.656s] writing requirements to ../build/my_first_package/my_first_package.egg-info/requires.txt
[0.656s] writing top-level names to ../build/my_first_package/my_first_package.egg-info/top_level.txt
[0.656s] writing manifest file '../build/my_first_package/my_first_package.egg-info/SOURCES.txt'
[0.657s] reading manifest file '../build/my_first_package/my_first_package.egg-info/SOURCES.txt'
[0.657s] writing manifest file '../build/my_first_package/my_first_package.egg-info/SOURCES.txt'
[0.658s] running build
[0.658s] running build_py
[0.658s] creating /workspace/user/kjy/ROS/ros2_study/src/build/my_first_package/build
[0.658s] creating /workspace/user/kjy/ROS/ros2_study/src/build/my_first_package/build/lib
[0.658s] creating /workspace/user/kjy/ROS/ros2_study/src/build/my_first_package/build/lib/my_first_package
[0.658s] copying my_first_package/__init__.py -> /workspace/user/kjy/ROS/ros2_study/src/build/my_first_package/build/lib/my_first_package
[0.658s] copying my_first_package/my_first_node.py -> /workspace/user/kjy/ROS/ros2_study/src/build/my_first_package/build/lib/my_first_package
[0.658s] running install
[0.658s] running install_lib
[0.659s] creating /workspace/user/kjy/ROS/ros2_study/src/install/my_first_package/lib/python3.10/site-packages/my_first_package
[0.659s] copying /workspace/user/kjy/ROS/ros2_study/src/build/my_first_package/build/lib/my_first_package/__init__.py -> /workspace/user/kjy/ROS/ros2_study/src/install/my_first_package/lib/python3.10/site-packages/my_first_package
[0.659s] copying /workspace/user/kjy/ROS/ros2_study/src/build/my_first_package/build/lib/my_first_package/my_first_node.py -> /workspace/user/kjy/ROS/ros2_study/src/install/my_first_package/lib/python3.10/site-packages/my_first_package
[0.659s] byte-compiling /workspace/user/kjy/ROS/ros2_study/src/install/my_first_package/lib/python3.10/site-packages/my_first_package/__init__.py to __init__.cpython-310.pyc
[0.659s] byte-compiling /workspace/user/kjy/ROS/ros2_study/src/install/my_first_package/lib/python3.10/site-packages/my_first_package/my_first_node.py to my_first_node.cpython-310.pyc
[0.660s] running install_data
[0.660s] creating /workspace/user/kjy/ROS/ros2_study/src/install/my_first_package/share/ament_index
[0.660s] creating /workspace/user/kjy/ROS/ros2_study/src/install/my_first_package/share/ament_index/resource_index
[0.660s] creating /workspace/user/kjy/ROS/ros2_study/src/install/my_first_package/share/ament_index/resource_index/packages
[0.660s] copying resource/my_first_package -> /workspace/user/kjy/ROS/ros2_study/src/install/my_first_package/share/ament_index/resource_index/packages
[0.660s] copying package.xml -> /workspace/user/kjy/ROS/ros2_study/src/install/my_first_package/share/my_first_package
[0.660s] running install_egg_info
[0.661s] Copying ../build/my_first_package/my_first_package.egg-info to /workspace/user/kjy/ROS/ros2_study/src/install/my_first_package/lib/python3.10/site-packages/my_first_package-0.0.0-py3.10.egg-info
[0.662s] running install_scripts
[0.676s] Installing my_first_node script to /workspace/user/kjy/ROS/ros2_study/src/install/my_first_package/lib/my_first_package
[0.677s] writing list of installed files to '/workspace/user/kjy/ROS/ros2_study/src/build/my_first_package/install.log'
[0.690s] Invoked command in '/workspace/user/kjy/ROS/ros2_study/src/my_first_package' returned '0': PYTHONPATH=/workspace/user/kjy/ROS/ros2_study/src/build/my_first_package/prefix_override:/usr/lib/python3/dist-packages/colcon_core/task/python/colcon_distutils_commands:/workspace/user/kjy/ROS/ros2_study/src/install/my_first_package/lib/python3.10/site-packages:${PYTHONPATH} /usr/bin/python3 -W ignore:setup.py install is deprecated setup.py egg_info --egg-base ../build/my_first_package build --build-base /workspace/user/kjy/ROS/ros2_study/src/build/my_first_package/build install --record /workspace/user/kjy/ROS/ros2_study/src/build/my_first_package/install.log --single-version-externally-managed install_data
